Der Buildvorgang wurde am 5/28/2014 3:39:25 PM gestartet.
     1>Projekt "C:\Users\Kai\documents\visual studio 2010\Projects\ShowLFP\ShowLFP\ShowLFP.vcxproj" auf Knoten "2", build Ziel(e).
     1>InitializeBuildStatus:
         "x64\Debug\ShowLFP.unsuccessfulbuild" wird erstellt, da "AlwaysCreate" angegeben wurde.
       ClCompile:
         C:\Program Files (x86)\Microsoft Visual Studio 10.0\VC\bin\x86_amd64\CL.exe /c /I"C:\Users\Kai\Downloads\rapidjson-0.11\rapidjson\include\\" /I"C:\OpenCV\custom-build\install\x64\vc10\..\..\include" /Zi /nologo /W3 /WX- /MP /Od /D WIN32 /D _DEBUG /D _CONSOLE /D _UNICODE /D UNICODE /Gm /EHsc /RTC1 /MDd /GS /fp:precise /Zc:wchar_t /Zc:forScope /Fo"x64\Debug\\" /Fd"x64\Debug\vc100.pdb" /Gd /TP /errorReport:prompt LfpLoader.cpp LightFieldFromLfpFile.cpp main.cpp
     1>cl : Befehlszeile warning D9030: "/Gm" ist mit Multiprocessing inkompatibel. Der Schalter "/MP" wird ignoriert.
         main.cpp
         LightFieldFromLfpFile.cpp
     1>LightFieldFromLfpFile.cpp(60): warning C4554: '&': Prüfen Sie Operatorrangfolge auf mögliche Fehler; verwenden Sie runde Klammern, um den Vorrang zu verdeutlichen
     1>LightFieldFromLfpFile.cpp(61): warning C4244: 'Initialisierung': Konvertierung von 'double' in 'const unsigned int', möglicher Datenverlust
         LfpLoader.cpp
     1>c:\users\kai\documents\visual studio 2010\projects\showlfp\showlfp\lfpsplitter.c(64): warning C4267: '=': Konvertierung von 'size_t' nach 'int', Datenverlust möglich
     1>c:\users\kai\documents\visual studio 2010\projects\showlfp\showlfp\lfpsplitter.c(72): warning C4309: 'Initialisierung': Verkürzung eines konstanten Wertes
     1>c:\users\kai\documents\visual studio 2010\projects\showlfp\showlfp\lfpsplitter.c(144): warning C4267: '=': Konvertierung von 'size_t' nach 'int', Datenverlust möglich
     1>c:\users\kai\documents\visual studio 2010\projects\showlfp\showlfp\lfpsplitter.c(149): warning C4244: '=': Konvertierung von '__int64' in 'int', möglicher Datenverlust
     1>c:\users\kai\documents\visual studio 2010\projects\showlfp\showlfp\lfpsplitter.c(198): warning C4309: 'Initialisierung': Verkürzung eines konstanten Wertes
     1>c:\users\kai\documents\visual studio 2010\projects\showlfp\showlfp\lfpsplitter.c(198): warning C4309: 'Initialisierung': Verkürzung eines konstanten Wertes
     1>c:\users\kai\documents\visual studio 2010\projects\showlfp\showlfp\lfpsplitter.c(198): warning C4309: 'Initialisierung': Verkürzung eines konstanten Wertes
     1>c:\users\kai\documents\visual studio 2010\projects\showlfp\showlfp\lfpsplitter.c(198): warning C4309: 'Initialisierung': Verkürzung eines konstanten Wertes
     1>c:\users\kai\documents\visual studio 2010\projects\showlfp\showlfp\lfpsplitter.c(210): warning C4806: '==': unsichere Operation: kein Wert vom Typ 'bool' erweitert auf Typ 'int' kann mit der angegebenen Konstante übereinstimmen
     1>LfpLoader.cpp(33): warning C4996: 'strdup': The POSIX name for this item is deprecated. Instead, use the ISO C++ conformant name: _strdup. See online help for details.
                 C:\Program Files (x86)\Microsoft Visual Studio 10.0\VC\include\string.h(238): Siehe Deklaration von 'strdup'
         Generating Code...
         Alle Ausgaben sind aktuell.
       ManifestResourceCompile:
         Alle Ausgaben sind aktuell.
       Link:
         C:\Program Files (x86)\Microsoft Visual Studio 10.0\VC\bin\x86_amd64\link.exe /ERRORREPORT:PROMPT /OUT:"C:\Users\Kai\documents\visual studio 2010\Projects\ShowLFP\x64\Debug\ShowLFP.exe" /INCREMENTAL /NOLOGO /LIBPATH:"C:\OpenCV\custom-build\install\x64\vc10\lib" ws2_32.lib opencv_core249d.lib opencv_imgproc249d.lib opencv_highgui249d.lib opencv_ml249d.lib opencv_video249d.lib opencv_features2d249d.lib opencv_calib3d249d.lib opencv_objdetect249d.lib opencv_contrib249d.lib opencv_legacy249d.lib opencv_flann249d.lib kernel32.lib user32.lib gdi32.lib winspool.lib comdlg32.lib advapi32.lib shell32.lib ole32.lib oleaut32.lib uuid.lib odbc32.lib odbccp32.lib /MANIFEST /ManifestFile:"x64\Debug\ShowLFP.exe.intermediate.manifest" /MANIFESTUAC:"level='asInvoker' uiAccess='false'" /DEBUG /PDB:"C:\Users\Kai\documents\visual studio 2010\Projects\ShowLFP\x64\Debug\ShowLFP.pdb" /SUBSYSTEM:CONSOLE /TLBID:1 /DYNAMICBASE /NXCOMPAT /IMPLIB:"C:\Users\Kai\documents\visual studio 2010\Projects\ShowLFP\x64\Debug\ShowLFP.lib" /MACHINE:X64 x64\Debug\ShowLFP.exe.embed.manifest.res
         x64\Debug\LfpLoader.obj
         x64\Debug\lfpsplitter.obj
         x64\Debug\LightField.obj
         x64\Debug\LightFieldFromLfpFile.obj
         x64\Debug\main.obj
         ShowLFP.vcxproj -> C:\Users\Kai\documents\visual studio 2010\Projects\ShowLFP\x64\Debug\ShowLFP.exe
       Manifest:
         C:\Program Files (x86)\Microsoft SDKs\Windows\v7.0A\bin\mt.exe /nologo /verbose /out:"x64\Debug\ShowLFP.exe.embed.manifest" /manifest x64\Debug\ShowLFP.exe.intermediate.manifest
         Alle Ausgaben sind aktuell.
       LinkEmbedManifest:
         Alle Ausgaben sind aktuell.
         ShowLFP.vcxproj -> C:\Users\Kai\documents\visual studio 2010\Projects\ShowLFP\x64\Debug\ShowLFP.exe
       FinalizeBuildStatus:
         Die Datei "x64\Debug\ShowLFP.unsuccessfulbuild" wird gelöscht.
         Aktualisieren des Timestamps von "x64\Debug\ShowLFP.lastbuildstate".
     1>Die Erstellung des Projekts "C:\Users\Kai\documents\visual studio 2010\Projects\ShowLFP\ShowLFP\ShowLFP.vcxproj" ist abgeschlossen, build Ziel(e).

Das Erstellen war erfolgreich.

Verstrichene Zeit 00:01:10.03
