C:\Users\Kai\documents\visual studio 2010\Projects\ShowLFP\ShowLFP\x64\Debug\cl.command.1.tlog
C:\Users\Kai\documents\visual studio 2010\Projects\ShowLFP\ShowLFP\x64\Debug\CL.read.1.tlog
C:\Users\Kai\documents\visual studio 2010\Projects\ShowLFP\ShowLFP\x64\Debug\CL.write.1.tlog
C:\USERS\KAI\DOCUMENTS\VISUAL STUDIO 2010\PROJECTS\SHOWLFP\SHOWLFP\X64\DEBUG\LFPLOADER.OBJ
C:\USERS\KAI\DOCUMENTS\VISUAL STUDIO 2010\PROJECTS\SHOWLFP\SHOWLFP\X64\DEBUG\LFPSPLITTER.OBJ
C:\Users\Kai\documents\visual studio 2010\Projects\ShowLFP\ShowLFP\x64\Debug\link.command.1.tlog
C:\Users\Kai\documents\visual studio 2010\Projects\ShowLFP\ShowLFP\x64\Debug\link.read.1.tlog
C:\Users\Kai\documents\visual studio 2010\Projects\ShowLFP\ShowLFP\x64\Debug\link.write.1.tlog
C:\Users\Kai\documents\visual studio 2010\Projects\ShowLFP\ShowLFP\x64\Debug\link-cvtres.read.1.tlog
C:\Users\Kai\documents\visual studio 2010\Projects\ShowLFP\ShowLFP\x64\Debug\link-cvtres.write.1.tlog
C:\USERS\KAI\DOCUMENTS\VISUAL STUDIO 2010\PROJECTS\SHOWLFP\SHOWLFP\X64\DEBUG\MAIN.OBJ
C:\Users\Kai\documents\visual studio 2010\Projects\ShowLFP\ShowLFP\x64\Debug\rc.command.1.tlog
C:\Users\Kai\documents\visual studio 2010\Projects\ShowLFP\ShowLFP\x64\Debug\rc.read.1.tlog
C:\Users\Kai\documents\visual studio 2010\Projects\ShowLFP\ShowLFP\x64\Debug\rc.write.1.tlog
C:\Users\Kai\documents\visual studio 2010\Projects\ShowLFP\ShowLFP\x64\Debug\ShowLFP.exe.embed.manifest
C:\USERS\KAI\DOCUMENTS\VISUAL STUDIO 2010\PROJECTS\SHOWLFP\SHOWLFP\X64\DEBUG\SHOWLFP.EXE.EMBED.MANIFEST.RES
C:\Users\Kai\documents\visual studio 2010\Projects\ShowLFP\ShowLFP\x64\Debug\ShowLFP.exe.intermediate.manifest
C:\Users\Kai\documents\visual studio 2010\Projects\ShowLFP\ShowLFP\x64\Debug\ShowLFP.vcxprojResolveAssemblyReference.cache
C:\Users\Kai\documents\visual studio 2010\Projects\ShowLFP\ShowLFP\x64\Debug\ShowLFP.write.1.tlog
C:\Users\Kai\documents\visual studio 2010\Projects\ShowLFP\ShowLFP\x64\Debug\ShowLFP_manifest.rc
C:\Users\Kai\documents\visual studio 2010\Projects\ShowLFP\ShowLFP\x64\Debug\vc100.idb
C:\USERS\KAI\DOCUMENTS\VISUAL STUDIO 2010\PROJECTS\SHOWLFP\SHOWLFP\X64\DEBUG\VC100.PDB
C:\Users\Kai\documents\visual studio 2010\Projects\ShowLFP\x64\Debug\ShowLFP.pdb
